
> vuepress@1.8.2 docs:dev /vuepress
> vuepress dev docs

wait Extracting site metadata...
/vuepress/docs
tip Apply local theme at /vuepress/docs/.vuepress/theme...
tip Apply theme local ...
tip Apply plugin container (i.e. "vuepress-plugin-container") ...
tip Apply plugin @vuepress/register-components (i.e. "@vuepress/plugin-register-components") ...
tip Apply plugin @vuepress-reco/back-to-top (i.e. "@vuepress-reco/vuepress-plugin-back-to-top") ...
tip Apply plugin @vuepress-reco/loading-page (i.e. "@vuepress-reco/vuepress-plugin-loading-page") ...
tip Apply plugin @vuepress-reco/pagation (i.e. "@vuepress-reco/vuepress-plugin-pagation") ...
tip Apply plugin @vuepress-reco/comments (i.e. "@vuepress-reco/vuepress-plugin-comments") ...
tip Apply plugin @vuepress/active-header-links (i.e. "@vuepress/plugin-active-header-links") ...
tip Apply plugin @vuepress/medium-zoom (i.e. "@vuepress/plugin-medium-zoom") ...
tip Apply plugin @vuepress/nprogress (i.e. "@vuepress/plugin-nprogress") ...
tip Apply plugin @vuepress/blog (i.e. "@vuepress/plugin-blog") ...
tip Apply plugin smooth-scroll (i.e. "vuepress-plugin-smooth-scroll") ...
ℹ Compiling Client
[34mℹ[39m [90m｢wds｣[39m: Project is running at http://0.0.0.0:8080/
[34mℹ[39m [90m｢wds｣[39m: webpack output is served from /
[34mℹ[39m [90m｢wds｣[39m: Content not from webpack is served from /vuepress/docs/.vuepress/public
[34mℹ[39m [90m｢wds｣[39m: 404s will fallback to /index.html
events.js:292
      throw er; // Unhandled 'error' event
      ^

Error: EBADF: bad file descriptor, read
Emitted 'error' event on ReadStream instance at:
    at internal/fs/streams.js:202:14
    at FSReqCallback.wrapper [as oncomplete] (fs.js:539:5) {
  errno: -9,
  code: 'EBADF',
  syscall: 'read'
}
npm ERR! code ELIFECYCLE
npm ERR! errno 1
npm ERR! vuepress@1.8.2 docs:dev: `vuepress dev docs`
npm ERR! Exit status 1
npm ERR! 
npm ERR! Failed at the vuepress@1.8.2 docs:dev script.
npm ERR! This is probably not a problem with npm. There is likely additional logging output above.

npm ERR! A complete log of this run can be found in:
npm ERR!     /root/.npm/_logs/2021-06-07T02_41_25_240Z-debug.log

> vuepress@1.8.2 docs:dev /vuepress
> vuepress dev docs

wait Extracting site metadata...
/vuepress/docs
tip Apply local theme at /vuepress/docs/.vuepress/theme...
tip Apply theme local ...
tip Apply plugin container (i.e. "vuepress-plugin-container") ...
tip Apply plugin @vuepress/register-components (i.e. "@vuepress/plugin-register-components") ...
tip Apply plugin @vuepress-reco/back-to-top (i.e. "@vuepress-reco/vuepress-plugin-back-to-top") ...
tip Apply plugin @vuepress-reco/loading-page (i.e. "@vuepress-reco/vuepress-plugin-loading-page") ...
tip Apply plugin @vuepress-reco/pagation (i.e. "@vuepress-reco/vuepress-plugin-pagation") ...
tip Apply plugin @vuepress-reco/comments (i.e. "@vuepress-reco/vuepress-plugin-comments") ...
tip Apply plugin @vuepress/active-header-links (i.e. "@vuepress/plugin-active-header-links") ...
tip Apply plugin @vuepress/medium-zoom (i.e. "@vuepress/plugin-medium-zoom") ...
tip Apply plugin @vuepress/nprogress (i.e. "@vuepress/plugin-nprogress") ...
tip Apply plugin @vuepress/blog (i.e. "@vuepress/plugin-blog") ...
tip Apply plugin smooth-scroll (i.e. "vuepress-plugin-smooth-scroll") ...
ℹ Compiling Client
[34mℹ[39m [90m｢wds｣[39m: Project is running at http://0.0.0.0:8080/
[34mℹ[39m [90m｢wds｣[39m: webpack output is served from /
[34mℹ[39m [90m｢wds｣[39m: Content not from webpack is served from /vuepress/docs/.vuepress/public
[34mℹ[39m [90m｢wds｣[39m: 404s will fallback to /index.html
events.js:292
      throw er; // Unhandled 'error' event
      ^

Error: EBADF: bad file descriptor, read
Emitted 'error' event on ReadStream instance at:
    at internal/fs/streams.js:202:14
    at FSReqCallback.wrapper [as oncomplete] (fs.js:539:5) {
  errno: -9,
  code: 'EBADF',
  syscall: 'read'
}
npm ERR! code ELIFECYCLE
npm ERR! errno 1
npm ERR! vuepress@1.8.2 docs:dev: `vuepress dev docs`
npm ERR! Exit status 1
npm ERR! 
npm ERR! Failed at the vuepress@1.8.2 docs:dev script.
npm ERR! This is probably not a problem with npm. There is likely additional logging output above.

npm ERR! A complete log of this run can be found in:
npm ERR!     /root/.npm/_logs/2021-06-07T02_43_02_694Z-debug.log

> vuepress@1.8.2 docs:dev /vuepress
> vuepress dev docs

wait Extracting site metadata...
/vuepress/docs
tip Apply local theme at /vuepress/docs/.vuepress/theme...
tip Apply theme local ...
tip Apply plugin container (i.e. "vuepress-plugin-container") ...
tip Apply plugin @vuepress/register-components (i.e. "@vuepress/plugin-register-components") ...
tip Apply plugin @vuepress-reco/back-to-top (i.e. "@vuepress-reco/vuepress-plugin-back-to-top") ...
tip Apply plugin @vuepress-reco/loading-page (i.e. "@vuepress-reco/vuepress-plugin-loading-page") ...
tip Apply plugin @vuepress-reco/pagation (i.e. "@vuepress-reco/vuepress-plugin-pagation") ...
tip Apply plugin @vuepress-reco/comments (i.e. "@vuepress-reco/vuepress-plugin-comments") ...
tip Apply plugin @vuepress/active-header-links (i.e. "@vuepress/plugin-active-header-links") ...
tip Apply plugin @vuepress/medium-zoom (i.e. "@vuepress/plugin-medium-zoom") ...
tip Apply plugin @vuepress/nprogress (i.e. "@vuepress/plugin-nprogress") ...
tip Apply plugin @vuepress/blog (i.e. "@vuepress/plugin-blog") ...
tip Apply plugin smooth-scroll (i.e. "vuepress-plugin-smooth-scroll") ...
ℹ Compiling Client
[34mℹ[39m [90m｢wds｣[39m: Project is running at http://0.0.0.0:8080/
[34mℹ[39m [90m｢wds｣[39m: webpack output is served from /
[34mℹ[39m [90m｢wds｣[39m: Content not from webpack is served from /vuepress/docs/.vuepress/public
[34mℹ[39m [90m｢wds｣[39m: 404s will fallback to /index.html
events.js:292
      throw er; // Unhandled 'error' event
      ^

Error: EBADF: bad file descriptor, read
Emitted 'error' event on ReadStream instance at:
    at internal/fs/streams.js:202:14
    at FSReqCallback.wrapper [as oncomplete] (fs.js:539:5) {
  errno: -9,
  code: 'EBADF',
  syscall: 'read'
}
npm ERR! code ELIFECYCLE
npm ERR! errno 1
npm ERR! vuepress@1.8.2 docs:dev: `vuepress dev docs`
npm ERR! Exit status 1
npm ERR! 
npm ERR! Failed at the vuepress@1.8.2 docs:dev script.
npm ERR! This is probably not a problem with npm. There is likely additional logging output above.

npm ERR! A complete log of this run can be found in:
npm ERR!     /root/.npm/_logs/2021-06-07T02_43_18_973Z-debug.log

> vuepress@1.8.2 docs:dev /vuepress
> vuepress dev docs

wait Extracting site metadata...
/vuepress/docs
tip Apply local theme at /vuepress/docs/.vuepress/theme...
tip Apply theme local ...
tip Apply plugin container (i.e. "vuepress-plugin-container") ...
tip Apply plugin @vuepress/register-components (i.e. "@vuepress/plugin-register-components") ...
tip Apply plugin @vuepress-reco/back-to-top (i.e. "@vuepress-reco/vuepress-plugin-back-to-top") ...
tip Apply plugin @vuepress-reco/loading-page (i.e. "@vuepress-reco/vuepress-plugin-loading-page") ...
tip Apply plugin @vuepress-reco/pagation (i.e. "@vuepress-reco/vuepress-plugin-pagation") ...
tip Apply plugin @vuepress-reco/comments (i.e. "@vuepress-reco/vuepress-plugin-comments") ...
tip Apply plugin @vuepress/active-header-links (i.e. "@vuepress/plugin-active-header-links") ...
tip Apply plugin @vuepress/medium-zoom (i.e. "@vuepress/plugin-medium-zoom") ...
tip Apply plugin @vuepress/nprogress (i.e. "@vuepress/plugin-nprogress") ...
tip Apply plugin @vuepress/blog (i.e. "@vuepress/plugin-blog") ...
tip Apply plugin smooth-scroll (i.e. "vuepress-plugin-smooth-scroll") ...
